<?xml version="1.0" encoding="UTF-8"?>
<testng-results ignored="4" total="5" passed="1" failed="0" skipped="0">
  <reporter-output>
  </reporter-output>
  <suite started-at="2023-11-20T02:19:05 AST" name="Default suite" finished-at="2023-11-20T02:19:37 AST" duration-ms="31628">
    <groups>
    </groups>
    <test started-at="2023-11-20T02:19:05 AST" name="Default test" finished-at="2023-11-20T02:19:37 AST" duration-ms="31628">
      <class name="tests.DemoBlazeTask">
        <test-method is-config="true" signature="setUp()[pri:0, instance:tests.DemoBlazeTask@5a45133e]" started-at="2023-11-20T02:19:06 AST" name="setUp" finished-at="2023-11-20T02:19:10 AST" duration-ms="4506" status="PASS">
          <reporter-output>
          </reporter-output>
        </test-method> <!-- setUp -->
        <test-method signature="deleteRandomProduct()[pri:0, instance:tests.DemoBlazeTask@5a45133e]" started-at="2023-11-20T02:19:10 AST" name="deleteRandomProduct" finished-at="2023-11-20T02:19:36 AST" duration-ms="25912" status="PASS">
          <reporter-output>
          </reporter-output>
        </test-method> <!-- deleteRandomProduct -->
        <test-method is-config="true" signature="tearDown()[pri:0, instance:tests.DemoBlazeTask@5a45133e]" started-at="2023-11-20T02:19:36 AST" name="tearDown" finished-at="2023-11-20T02:19:37 AST" duration-ms="1168" status="PASS">
          <reporter-output>
          </reporter-output>
        </test-method> <!-- tearDown -->
      </class> <!-- tests.DemoBlazeTask -->
    </test> <!-- Default test -->
  </suite> <!-- Default suite -->
</testng-results>
