<?xml version="1.0" encoding="UTF-8"?>
<!-- Generated by org.testng.reporters.JUnitXMLReporter -->
<testsuite ignored="5" hostname="DESKTOP-LDBB7HE" failures="0" tests="1" name="Default test" time="11.096" errors="0" timestamp="2023-12-11T14:07:41 EET">
  <testcase classname="tests.DemoBlazeTask" name="deleteRandomProduct" time="6.369"/>
  <testcase classname="tests.DemoBlazeTask" name="addRandomItemToCart" time="0.0">
    <ignored/>
  </testcase> <!-- addRandomItemToCart -->
  <testcase classname="tests.DemoBlazeTask" name="categoriesHasItems" time="0.0">
    <ignored/>
  </testcase> <!-- categoriesHasItems -->
  <testcase classname="tests.DemoBlazeTask" name="deleteRandomProduct2" time="0.0">
    <ignored/>
  </testcase> <!-- deleteRandomProduct2 -->
  <testcase classname="tests.DemoBlazeTask" name="LoginBlazeDemo" time="0.0">
    <ignored/>
  </testcase> <!-- LoginBlazeDemo -->
  <testcase classname="tests.DemoBlazeTask" name="SignUpBlazeDemo" time="0.0">
    <ignored/>
  </testcase> <!-- SignUpBlazeDemo -->
</testsuite> <!-- Default test -->
