<?xml version="1.0" encoding="UTF-8"?>
<testng-results ignored="5" total="6" passed="1" failed="0" skipped="0">
  <reporter-output>
  </reporter-output>
  <suite started-at="2023-12-11T14:07:30 EET" name="Default suite" finished-at="2023-12-11T14:07:41 EET" duration-ms="11096">
    <groups>
    </groups>
    <test started-at="2023-12-11T14:07:30 EET" name="Default test" finished-at="2023-12-11T14:07:41 EET" duration-ms="11096">
      <class name="tests.DemoBlazeTask">
        <test-method is-config="true" signature="setUp()[pri:0, instance:tests.DemoBlazeTask@55183b20]" started-at="2023-12-11T14:07:30 EET" name="setUp" finished-at="2023-12-11T14:07:33 EET" duration-ms="3556" status="PASS">
          <reporter-output>
          </reporter-output>
        </test-method> <!-- setUp -->
        <test-method signature="deleteRandomProduct()[pri:0, instance:tests.DemoBlazeTask@55183b20]" started-at="2023-12-11T14:07:33 EET" name="deleteRandomProduct" finished-at="2023-12-11T14:07:40 EET" duration-ms="6369" status="PASS">
          <reporter-output>
          </reporter-output>
        </test-method> <!-- deleteRandomProduct -->
        <test-method is-config="true" signature="tearDown()[pri:0, instance:tests.DemoBlazeTask@55183b20]" started-at="2023-12-11T14:07:40 EET" name="tearDown" finished-at="2023-12-11T14:07:41 EET" duration-ms="1133" status="PASS">
          <reporter-output>
          </reporter-output>
        </test-method> <!-- tearDown -->
      </class> <!-- tests.DemoBlazeTask -->
    </test> <!-- Default test -->
  </suite> <!-- Default suite -->
</testng-results>
