<?xml version="1.0" encoding="UTF-8"?>
<testng-results ignored="5" total="6" passed="1" failed="0" skipped="0">
  <reporter-output>
  </reporter-output>
  <suite started-at="2023-12-11T15:40:15 EET" name="Default suite" finished-at="2023-12-11T15:40:55 EET" duration-ms="40089">
    <groups>
    </groups>
    <test started-at="2023-12-11T15:40:15 EET" name="Default test" finished-at="2023-12-11T15:40:55 EET" duration-ms="40089">
      <class name="tests.DemoBlazeTask">
        <test-method is-config="true" signature="setUp()[pri:0, instance:tests.DemoBlazeTask@1bd4fdd]" started-at="2023-12-11T15:40:15 EET" name="setUp" finished-at="2023-12-11T15:40:18 EET" duration-ms="3525" status="PASS">
          <reporter-output>
          </reporter-output>
        </test-method> <!-- setUp -->
        <test-method signature="placeorder()[pri:0, instance:tests.DemoBlazeTask@1bd4fdd]" started-at="2023-12-11T15:40:18 EET" name="placeorder" finished-at="2023-12-11T15:40:54 EET" duration-ms="35452" status="PASS">
          <reporter-output>
          </reporter-output>
        </test-method> <!-- placeorder -->
        <test-method is-config="true" signature="tearDown()[pri:0, instance:tests.DemoBlazeTask@1bd4fdd]" started-at="2023-12-11T15:40:54 EET" name="tearDown" finished-at="2023-12-11T15:40:55 EET" duration-ms="1087" status="PASS">
          <reporter-output>
          </reporter-output>
        </test-method> <!-- tearDown -->
      </class> <!-- tests.DemoBlazeTask -->
    </test> <!-- Default test -->
  </suite> <!-- Default suite -->
</testng-results>
